

================================================================
== Vivado HLS Report for 'pad_16_8_s'
================================================================
* Date:           Sun Nov  3 11:23:02 2024

* Version:        2019.2 (Build 2704478 on Wed Nov 06 22:10:23 MST 2019)
* Project:        bnn.prj
* Solution:       solution1
* Product family: zynq
* Target device:  xc7z020-clg484-1


================================================================
== Performance Estimates
================================================================
+ Timing: 
    * Summary: 
    +--------+----------+----------+------------+
    |  Clock |  Target  | Estimated| Uncertainty|
    +--------+----------+----------+------------+
    |ap_clk  | 10.00 ns | 7.344 ns |   1.25 ns  |
    +--------+----------+----------+------------+

+ Latency: 
    * Summary: 
    +---------+---------+-----------+-----------+------+------+---------+
    |  Latency (cycles) |   Latency (absolute)  |   Interval  | Pipeline|
    |   min   |   max   |    min    |    max    |  min |  max |   Type  |
    +---------+---------+-----------+-----------+------+------+---------+
    |     2337|     2337| 23.370 us | 23.370 us |  2337|  2337|   none  |
    +---------+---------+-----------+-----------+------+------+---------+

    + Detail: 
        * Instance: 
        N/A

        * Loop: 
        +-----------------+---------+---------+----------+-----------+-----------+------+----------+
        |                 |  Latency (cycles) | Iteration|  Initiation Interval  | Trip |          |
        |    Loop Name    |   min   |   max   |  Latency |  achieved |   target  | Count| Pipelined|
        +-----------------+---------+---------+----------+-----------+-----------+------+----------+
        |- Loop 1         |     2336|     2336|       146|          -|          -|    16|    no    |
        | + Loop 1.1      |      144|      144|        18|          -|          -|     8|    no    |
        |  ++ Loop 1.1.1  |       16|       16|         2|          -|          -|     8|    no    |
        +-----------------+---------+---------+----------+-----------+-----------+------+----------+

============================================================
+ Verbose Summary: Synthesis Manager
============================================================
InlineROM: 1
ExposeGlobal: 0
============================================================
+ Verbose Summary: CDFG Model
============================================================
IsTopModel: 0
ResetActiveHigh: 1
IsCombinational: 0
IsDatapathOnly: 0
HasWiredReturn: 1
HasMFsm: 0
HasVarLatency: 1
IsPipeline: 0
IsRtlPipelined: 0
IsInstanceOverlapped: 0
IsDontTouch: 0
HasImplIP: 0
IsGatedGlobalClock: 0


============================================================
+ Verbose Summary: Schedule
============================================================
* Number of FSM states : 5
* Pipeline : 0
* Dataflow Pipeline: 0

* FSM state transitions: 
1 --> 2 
2 --> 3 
3 --> 4 2 
4 --> 5 3 
5 --> 4 

* FSM state operations: 

State 1 <SV = 0> <Delay = 1.76>
ST_1 : Operation 6 [1/1] (1.76ns)   --->   "br label %.loopexit" [./layer.h:22]   --->   Operation 6 'br' <Predicate = true> <Delay = 1.76>

State 2 <SV = 1> <Delay = 1.91>
ST_2 : Operation 7 [1/1] (0.00ns)   --->   "%m_0 = phi i5 [ 0, %0 ], [ %m, %.loopexit.loopexit ]"   --->   Operation 7 'phi' 'm_0' <Predicate = true> <Delay = 0.00>
ST_2 : Operation 8 [1/1] (1.36ns)   --->   "%icmp_ln22 = icmp eq i5 %m_0, -16" [./layer.h:22]   --->   Operation 8 'icmp' 'icmp_ln22' <Predicate = true> <Delay = 1.36> <Core = "Cmp">   --->   Core 25 'Cmp' <Latency = 0> <II = 1> <Delay = 1.30> <FuncUnit> <Opcode : 'icmp'> <InPorts = 2> <OutPorts = 1>
ST_2 : Operation 9 [1/1] (0.00ns)   --->   "%empty = call i32 (...)* @_ssdm_op_SpecLoopTripCount(i64 16, i64 16, i64 16)"   --->   Operation 9 'speclooptripcount' 'empty' <Predicate = true> <Delay = 0.00>
ST_2 : Operation 10 [1/1] (1.78ns)   --->   "%m = add i5 %m_0, 1" [./layer.h:22]   --->   Operation 10 'add' 'm' <Predicate = true> <Delay = 1.78> <Core = "AddSub">   --->   Core 14 'AddSub' <Latency = 0> <II = 1> <Delay = 1.82> <FuncUnit> <Opcode : 'add' 'sub'> <InPorts = 2> <OutPorts = 1>
ST_2 : Operation 11 [1/1] (0.00ns)   --->   "br i1 %icmp_ln22, label %2, label %.preheader1.preheader" [./layer.h:22]   --->   Operation 11 'br' <Predicate = true> <Delay = 0.00>
ST_2 : Operation 12 [1/1] (0.00ns)   --->   "%tmp = call i8 @_ssdm_op_BitConcatenate.i8.i5.i3(i5 %m_0, i3 0)" [./layer.h:25]   --->   Operation 12 'bitconcatenate' 'tmp' <Predicate = (!icmp_ln22)> <Delay = 0.00>
ST_2 : Operation 13 [1/1] (0.00ns)   --->   "%zext_ln25 = zext i8 %tmp to i9" [./layer.h:25]   --->   Operation 13 'zext' 'zext_ln25' <Predicate = (!icmp_ln22)> <Delay = 0.00>
ST_2 : Operation 14 [1/1] (0.00ns)   --->   "%tmp_2 = call i6 @_ssdm_op_BitConcatenate.i6.i5.i1(i5 %m_0, i1 false)" [./layer.h:25]   --->   Operation 14 'bitconcatenate' 'tmp_2' <Predicate = (!icmp_ln22)> <Delay = 0.00>
ST_2 : Operation 15 [1/1] (0.00ns)   --->   "%zext_ln25_1 = zext i6 %tmp_2 to i9" [./layer.h:25]   --->   Operation 15 'zext' 'zext_ln25_1' <Predicate = (!icmp_ln22)> <Delay = 0.00>
ST_2 : Operation 16 [1/1] (1.91ns)   --->   "%add_ln25 = add i9 %zext_ln25_1, %zext_ln25" [./layer.h:25]   --->   Operation 16 'add' 'add_ln25' <Predicate = (!icmp_ln22)> <Delay = 1.91> <Core = "AddSub">   --->   Core 14 'AddSub' <Latency = 0> <II = 1> <Delay = 1.82> <FuncUnit> <Opcode : 'add' 'sub'> <InPorts = 2> <OutPorts = 1>
ST_2 : Operation 17 [1/1] (1.76ns)   --->   "br label %.preheader1" [./layer.h:23]   --->   Operation 17 'br' <Predicate = (!icmp_ln22)> <Delay = 1.76>
ST_2 : Operation 18 [1/1] (0.00ns)   --->   "ret void" [./layer.h:29]   --->   Operation 18 'ret' <Predicate = (icmp_ln22)> <Delay = 0.00>

State 3 <SV = 2> <Delay = 1.76>
ST_3 : Operation 19 [1/1] (0.00ns)   --->   "%x_0 = phi i4 [ 0, %.preheader1.preheader ], [ %x, %.preheader1.loopexit ]"   --->   Operation 19 'phi' 'x_0' <Predicate = true> <Delay = 0.00>
ST_3 : Operation 20 [1/1] (1.30ns)   --->   "%icmp_ln23 = icmp eq i4 %x_0, -8" [./layer.h:23]   --->   Operation 20 'icmp' 'icmp_ln23' <Predicate = true> <Delay = 1.30> <Core = "Cmp">   --->   Core 25 'Cmp' <Latency = 0> <II = 1> <Delay = 1.30> <FuncUnit> <Opcode : 'icmp'> <InPorts = 2> <OutPorts = 1>
ST_3 : Operation 21 [1/1] (0.00ns)   --->   "%empty_4 = call i32 (...)* @_ssdm_op_SpecLoopTripCount(i64 8, i64 8, i64 8)"   --->   Operation 21 'speclooptripcount' 'empty_4' <Predicate = true> <Delay = 0.00>
ST_3 : Operation 22 [1/1] (1.73ns)   --->   "%x = add i4 %x_0, 1" [./layer.h:25]   --->   Operation 22 'add' 'x' <Predicate = true> <Delay = 1.73> <Core = "AddSub">   --->   Core 14 'AddSub' <Latency = 0> <II = 1> <Delay = 1.82> <FuncUnit> <Opcode : 'add' 'sub'> <InPorts = 2> <OutPorts = 1>
ST_3 : Operation 23 [1/1] (0.00ns)   --->   "br i1 %icmp_ln23, label %.loopexit.loopexit, label %.preheader.preheader" [./layer.h:23]   --->   Operation 23 'br' <Predicate = true> <Delay = 0.00>
ST_3 : Operation 24 [1/1] (0.00ns)   --->   "%zext_ln23 = zext i4 %x_0 to i12" [./layer.h:23]   --->   Operation 24 'zext' 'zext_ln23' <Predicate = (!icmp_ln23)> <Delay = 0.00>
ST_3 : Operation 25 [1/1] (0.00ns)   --->   "%zext_ln24 = zext i4 %x to i12" [./layer.h:24]   --->   Operation 25 'zext' 'zext_ln24' <Predicate = (!icmp_ln23)> <Delay = 0.00>
ST_3 : Operation 26 [1/1] (1.76ns)   --->   "br label %.preheader" [./layer.h:24]   --->   Operation 26 'br' <Predicate = (!icmp_ln23)> <Delay = 1.76>
ST_3 : Operation 27 [1/1] (0.00ns)   --->   "br label %.loopexit"   --->   Operation 27 'br' <Predicate = (icmp_ln23)> <Delay = 0.00>

State 4 <SV = 3> <Delay = 7.34>
ST_4 : Operation 28 [1/1] (0.00ns)   --->   "%y_0 = phi i4 [ %y, %1 ], [ 0, %.preheader.preheader ]"   --->   Operation 28 'phi' 'y_0' <Predicate = true> <Delay = 0.00>
ST_4 : Operation 29 [1/1] (1.30ns)   --->   "%icmp_ln24 = icmp eq i4 %y_0, -8" [./layer.h:24]   --->   Operation 29 'icmp' 'icmp_ln24' <Predicate = true> <Delay = 1.30> <Core = "Cmp">   --->   Core 25 'Cmp' <Latency = 0> <II = 1> <Delay = 1.30> <FuncUnit> <Opcode : 'icmp'> <InPorts = 2> <OutPorts = 1>
ST_4 : Operation 30 [1/1] (0.00ns)   --->   "%empty_5 = call i32 (...)* @_ssdm_op_SpecLoopTripCount(i64 8, i64 8, i64 8)"   --->   Operation 30 'speclooptripcount' 'empty_5' <Predicate = true> <Delay = 0.00>
ST_4 : Operation 31 [1/1] (1.73ns)   --->   "%y = add i4 %y_0, 1" [./layer.h:25]   --->   Operation 31 'add' 'y' <Predicate = true> <Delay = 1.73> <Core = "AddSub">   --->   Core 14 'AddSub' <Latency = 0> <II = 1> <Delay = 1.82> <FuncUnit> <Opcode : 'add' 'sub'> <InPorts = 2> <OutPorts = 1>
ST_4 : Operation 32 [1/1] (0.00ns)   --->   "br i1 %icmp_ln24, label %.preheader1.loopexit, label %1" [./layer.h:24]   --->   Operation 32 'br' <Predicate = true> <Delay = 0.00>
ST_4 : Operation 33 [1/1] (0.00ns)   --->   "%zext_ln25_2 = zext i4 %y_0 to i9" [./layer.h:25]   --->   Operation 33 'zext' 'zext_ln25_2' <Predicate = (!icmp_ln24)> <Delay = 0.00>
ST_4 : Operation 34 [1/1] (1.91ns)   --->   "%add_ln25_2 = add i9 %zext_ln25_2, %zext_ln25" [./layer.h:25]   --->   Operation 34 'add' 'add_ln25_2' <Predicate = (!icmp_ln24)> <Delay = 1.91> <Core = "AddSub">   --->   Core 14 'AddSub' <Latency = 0> <II = 1> <Delay = 1.82> <FuncUnit> <Opcode : 'add' 'sub'> <InPorts = 2> <OutPorts = 1>
ST_4 : Operation 35 [1/1] (0.00ns)   --->   "%tmp_4_cast = call i12 @_ssdm_op_BitConcatenate.i12.i9.i3(i9 %add_ln25_2, i3 0)" [./layer.h:25]   --->   Operation 35 'bitconcatenate' 'tmp_4_cast' <Predicate = (!icmp_ln24)> <Delay = 0.00>
ST_4 : Operation 36 [1/1] (1.54ns)   --->   "%add_ln25_3 = add i12 %zext_ln23, %tmp_4_cast" [./layer.h:25]   --->   Operation 36 'add' 'add_ln25_3' <Predicate = (!icmp_ln24)> <Delay = 1.54> <Core = "AddSub">   --->   Core 14 'AddSub' <Latency = 0> <II = 1> <Delay = 1.82> <FuncUnit> <Opcode : 'add' 'sub'> <InPorts = 2> <OutPorts = 1>
ST_4 : Operation 37 [1/1] (0.00ns)   --->   "%zext_ln25_3 = zext i12 %add_ln25_3 to i64" [./layer.h:25]   --->   Operation 37 'zext' 'zext_ln25_3' <Predicate = (!icmp_ln24)> <Delay = 0.00>
ST_4 : Operation 38 [1/1] (0.00ns)   --->   "%input_addr = getelementptr [1024 x i1]* %input_r, i64 0, i64 %zext_ln25_3" [./layer.h:25]   --->   Operation 38 'getelementptr' 'input_addr' <Predicate = (!icmp_ln24)> <Delay = 0.00>
ST_4 : Operation 39 [2/2] (3.25ns)   --->   "%input_load = load i1* %input_addr, align 1" [./layer.h:25]   --->   Operation 39 'load' 'input_load' <Predicate = (!icmp_ln24)> <Delay = 3.25> <Core = "RAM">   --->   Core 37 'RAM' <Latency = 1> <II = 1> <Delay = 3.25> <Storage> <Opcode : 'load' 'store'> <Ports = 2> <Width = 1> <Depth = 1600> <RAM>
ST_4 : Operation 40 [1/1] (0.00ns)   --->   "%zext_ln25_4 = zext i4 %y to i9" [./layer.h:25]   --->   Operation 40 'zext' 'zext_ln25_4' <Predicate = (!icmp_ln24)> <Delay = 0.00>
ST_4 : Operation 41 [1/1] (1.82ns)   --->   "%add_ln25_5 = add i9 %zext_ln25_4, %add_ln25" [./layer.h:25]   --->   Operation 41 'add' 'add_ln25_5' <Predicate = (!icmp_ln24)> <Delay = 1.82> <Core = "AddSub">   --->   Core 14 'AddSub' <Latency = 0> <II = 1> <Delay = 1.82> <FuncUnit> <Opcode : 'add' 'sub'> <InPorts = 2> <OutPorts = 1>
ST_4 : Operation 42 [1/1] (0.00ns)   --->   "%p_shl2_cast = call i12 @_ssdm_op_BitConcatenate.i12.i9.i3(i9 %add_ln25_5, i3 0)" [./layer.h:25]   --->   Operation 42 'bitconcatenate' 'p_shl2_cast' <Predicate = (!icmp_ln24)> <Delay = 0.00>
ST_4 : Operation 43 [1/1] (0.00ns)   --->   "%tmp_1 = call i10 @_ssdm_op_BitConcatenate.i10.i9.i1(i9 %add_ln25_5, i1 false)" [./layer.h:25]   --->   Operation 43 'bitconcatenate' 'tmp_1' <Predicate = (!icmp_ln24)> <Delay = 0.00>
ST_4 : Operation 44 [1/1] (0.00ns)   --->   "%zext_ln25_5 = zext i10 %tmp_1 to i12" [./layer.h:25]   --->   Operation 44 'zext' 'zext_ln25_5' <Predicate = (!icmp_ln24)> <Delay = 0.00>
ST_4 : Operation 45 [1/1] (0.00ns) (grouped into TernaryAdder)   --->   "%add_ln25_6 = add i12 %p_shl2_cast, %zext_ln25_5" [./layer.h:25]   --->   Operation 45 'add' 'add_ln25_6' <Predicate = (!icmp_ln24)> <Delay = 0.00> <Core = "TAddSub">   --->   Core 83 'TAddSub' <Latency = 0> <II = 1> <Delay = 1.89> <IPBlock> <Opcode : 'add' 'sub'> <InPorts = 3> <OutPorts = 1> <Sync> <CReg>
ST_4 : Operation 46 [1/1] (3.78ns) (root node of TernaryAdder)   --->   "%add_ln25_7 = add i12 %zext_ln24, %add_ln25_6" [./layer.h:25]   --->   Operation 46 'add' 'add_ln25_7' <Predicate = (!icmp_ln24)> <Delay = 3.78> <Core = "TAddSub">   --->   Core 83 'TAddSub' <Latency = 0> <II = 1> <Delay = 1.89> <IPBlock> <Opcode : 'add' 'sub'> <InPorts = 3> <OutPorts = 1> <Sync> <CReg>
ST_4 : Operation 47 [1/1] (0.00ns)   --->   "br label %.preheader1"   --->   Operation 47 'br' <Predicate = (icmp_ln24)> <Delay = 0.00>

State 5 <SV = 4> <Delay = 6.50>
ST_5 : Operation 48 [1/2] (3.25ns)   --->   "%input_load = load i1* %input_addr, align 1" [./layer.h:25]   --->   Operation 48 'load' 'input_load' <Predicate = true> <Delay = 3.25> <Core = "RAM">   --->   Core 37 'RAM' <Latency = 1> <II = 1> <Delay = 3.25> <Storage> <Opcode : 'load' 'store'> <Ports = 2> <Width = 1> <Depth = 1600> <RAM>
ST_5 : Operation 49 [1/1] (0.00ns)   --->   "%zext_ln25_6 = zext i12 %add_ln25_7 to i64" [./layer.h:25]   --->   Operation 49 'zext' 'zext_ln25_6' <Predicate = true> <Delay = 0.00>
ST_5 : Operation 50 [1/1] (0.00ns)   --->   "%output_addr = getelementptr [1600 x i1]* %output_r, i64 0, i64 %zext_ln25_6" [./layer.h:25]   --->   Operation 50 'getelementptr' 'output_addr' <Predicate = true> <Delay = 0.00>
ST_5 : Operation 51 [1/1] (3.25ns)   --->   "store i1 %input_load, i1* %output_addr, align 1" [./layer.h:25]   --->   Operation 51 'store' <Predicate = true> <Delay = 3.25> <Core = "RAM">   --->   Core 37 'RAM' <Latency = 1> <II = 1> <Delay = 3.25> <Storage> <Opcode : 'load' 'store'> <Ports = 2> <Width = 1> <Depth = 1600> <RAM>
ST_5 : Operation 52 [1/1] (0.00ns)   --->   "br label %.preheader" [./layer.h:24]   --->   Operation 52 'br' <Predicate = true> <Delay = 0.00>


============================================================
+ Verbose Summary: Timing violations
============================================================
Target clock period: 10ns, clock uncertainty: 1.25ns.

 <State 1>: 1.77ns
The critical path consists of the following:
	multiplexor before 'phi' operation ('m') with incoming values : ('m', ./layer.h:22) [5]  (1.77 ns)

 <State 2>: 1.92ns
The critical path consists of the following:
	'phi' operation ('m') with incoming values : ('m', ./layer.h:22) [5]  (0 ns)
	'add' operation ('add_ln25', ./layer.h:25) [15]  (1.92 ns)

 <State 3>: 1.77ns
The critical path consists of the following:
	multiplexor before 'phi' operation ('y') with incoming values : ('y', ./layer.h:25) [28]  (1.77 ns)

 <State 4>: 7.34ns
The critical path consists of the following:
	'phi' operation ('y') with incoming values : ('y', ./layer.h:25) [28]  (0 ns)
	'add' operation ('y', ./layer.h:25) [31]  (1.74 ns)
	'add' operation ('add_ln25_5', ./layer.h:25) [42]  (1.82 ns)
	'add' operation ('add_ln25_6', ./layer.h:25) [46]  (0 ns)
	'add' operation ('add_ln25_7', ./layer.h:25) [47]  (3.79 ns)

 <State 5>: 6.51ns
The critical path consists of the following:
	'load' operation ('input_load', ./layer.h:25) on array 'input_r' [40]  (3.25 ns)
	'store' operation ('store_ln25', ./layer.h:25) of variable 'input_load', ./layer.h:25 on array 'output_r' [50]  (3.25 ns)


============================================================
+ Verbose Summary: Binding
============================================================
N/A
* FSMD analyzer results:
  - Output states:
 - Input state : 
  - Chain level:
	State 1
	State 2
	State 3
	State 4
	State 5


============================================================
+ Verbose Summary: Datapath Resource usage 
============================================================
N/A
