

================================================================
== Vivado HLS Report for 'dut'
================================================================
* Date:           Sun Nov  3 11:23:05 2024

* Version:        2019.2 (Build 2704478 on Wed Nov 06 22:10:23 MST 2019)
* Project:        bnn.prj
* Solution:       solution1
* Product family: zynq
* Target device:  xc7z020-clg484-1


================================================================
== Performance Estimates
================================================================
+ Timing: 
    * Summary: 
    +--------+----------+----------+------------+
    |  Clock |  Target  | Estimated| Uncertainty|
    +--------+----------+----------+------------+
    |ap_clk  | 10.00 ns | 7.854 ns |   1.25 ns  |
    +--------+----------+----------+------------+

+ Latency: 
    * Summary: 
    +---------+---------+-----------+-----------+---------+---------+---------+
    |  Latency (cycles) |   Latency (absolute)  |      Interval     | Pipeline|
    |   min   |   max   |    min    |    max    |   min   |   max   |   Type  |
    +---------+---------+-----------+-----------+---------+---------+---------+
    |  1379786|  1379786| 13.798 ms | 13.798 ms |  1379786|  1379786|   none  |
    +---------+---------+-----------+-----------+---------+---------+---------+

    + Detail: 
        * Instance: 
        +---------------------+----------+---------+---------+-----------+-----------+---------+---------+---------+
        |                     |          |  Latency (cycles) |   Latency (absolute)  |      Interval     | Pipeline|
        |       Instance      |  Module  |   min   |   max   |    min    |    max    |   min   |   max   |   Type  |
        +---------------------+----------+---------+---------+-----------+-----------+---------+---------+---------+
        |grp_bnn_xcel_fu_143  |bnn_xcel  |  1379512|  1379512| 13.795 ms | 13.795 ms |  1379512|  1379512|   none  |
        +---------------------+----------+---------+---------+-----------+-----------+---------+---------+---------+

        * Loop: 
        +-------------+---------+---------+----------+-----------+-----------+------+----------+
        |             |  Latency (cycles) | Iteration|  Initiation Interval  | Trip |          |
        |  Loop Name  |   min   |   max   |  Latency |  achieved |   target  | Count| Pipelined|
        +-------------+---------+---------+----------+-----------+-----------+------+----------+
        |- Loop 1     |      272|      272|        34|          -|          -|     8|    no    |
        | + Loop 1.1  |       32|       32|         1|          -|          -|    32|    no    |
        +-------------+---------+---------+----------+-----------+-----------+------+----------+



================================================================
== Utilization Estimates
================================================================
* Summary: 
+-----------------+---------+-------+--------+-------+-----+
|       Name      | BRAM_18K| DSP48E|   FF   |  LUT  | URAM|
+-----------------+---------+-------+--------+-------+-----+
|DSP              |        -|      -|       -|      -|    -|
|Expression       |        -|      -|       0|     82|    -|
|FIFO             |        -|      -|       -|      -|    -|
|Instance         |       15|      -|     908|   3215|    0|
|Memory           |        0|      -|       2|      4|    0|
|Multiplexer      |        -|      -|       -|    111|    -|
|Register         |        -|      -|      78|      -|    -|
+-----------------+---------+-------+--------+-------+-----+
|Total            |       15|      0|     988|   3412|    0|
+-----------------+---------+-------+--------+-------+-----+
|Available        |      280|    220|  106400|  53200|    0|
+-----------------+---------+-------+--------+-------+-----+
|Utilization (%)  |        5|      0|   ~0   |      6|    0|
+-----------------+---------+-------+--------+-------+-----+

+ Detail: 
    * Instance: 
    +---------------------+----------+---------+-------+-----+------+-----+
    |       Instance      |  Module  | BRAM_18K| DSP48E|  FF |  LUT | URAM|
    +---------------------+----------+---------+-------+-----+------+-----+
    |grp_bnn_xcel_fu_143  |bnn_xcel  |       15|      0|  908|  3215|    0|
    +---------------------+----------+---------+-------+-----+------+-----+
    |Total                |          |       15|      0|  908|  3215|    0|
    +---------------------+----------+---------+-------+-----+------+-----+

    * DSP48E: 
    N/A

    * Memory: 
    +-----------+------------------+---------+---+----+-----+------+-----+------+-------------+
    |   Memory  |      Module      | BRAM_18K| FF| LUT| URAM| Words| Bits| Banks| W*Bits*Banks|
    +-----------+------------------+---------+---+----+-----+------+-----+------+-------------+
    |input_0_U  |bnn_xcel_signed1  |        0|  2|   4|    0|   256|    1|     1|          256|
    +-----------+------------------+---------+---+----+-----+------+-----+------+-------------+
    |Total      |                  |        0|  2|   4|    0|   256|    1|     1|          256|
    +-----------+------------------+---------+---+----+-----+------+-----+------+-------------+

    * FIFO: 
    N/A

    * Expression: 
    +---------------------+----------+-------+---+----+------------+------------+
    |    Variable Name    | Operation| DSP48E| FF| LUT| Bitwidth P0| Bitwidth P1|
    +---------------------+----------+-------+---+----+------------+------------+
    |add_ln30_fu_211_p2   |     +    |      0|  0|  15|           1|           9|
    |bitcount_fu_172_p2   |     +    |      0|  0|  15|           9|           6|
    |i_fu_166_p2          |     +    |      0|  0|  13|           4|           1|
    |j_fu_188_p2          |     +    |      0|  0|  15|           6|           1|
    |ap_block_state2      |    and   |      0|  0|   2|           1|           1|
    |icmp_ln26_fu_160_p2  |   icmp   |      0|  0|  11|           4|           5|
    |icmp_ln28_fu_182_p2  |   icmp   |      0|  0|  11|           6|           7|
    +---------------------+----------+-------+---+----+------------+------------+
    |Total                |          |      0|  0|  82|          31|          30|
    +---------------------+----------+-------+---+----+------------+------------+

    * Multiplexer: 
    +--------------------+----+-----------+-----+-----------+
    |        Name        | LUT| Input Size| Bits| Total Bits|
    +--------------------+----+-----------+-----+-----------+
    |Hi_assign_reg_132   |   9|          2|    6|         12|
    |ap_NS_fsm           |  27|          5|    1|          5|
    |bitcount_0_reg_99   |   9|          2|    9|         18|
    |bitcount_1_reg_122  |   9|          2|    9|         18|
    |i_0_reg_111         |   9|          2|    4|          8|
    |input_0_address0    |  15|          3|    8|         24|
    |input_0_ce0         |  15|          3|    1|          3|
    |strm_in_V_V_blk_n   |   9|          2|    1|          2|
    |strm_out_V_V_blk_n  |   9|          2|    1|          2|
    +--------------------+----+-----------+-----+-----------+
    |Total               | 111|         23|   40|         92|
    +--------------------+----+-----------+-----+-----------+

    * Register: 
    +----------------------------------+----+----+-----+-----------+
    |               Name               | FF | LUT| Bits| Const Bits|
    +----------------------------------+----+----+-----+-----------+
    |Hi_assign_reg_132                 |   6|   0|    6|          0|
    |ap_CS_fsm                         |   4|   0|    4|          0|
    |bitcount_0_reg_99                 |   9|   0|    9|          0|
    |bitcount_1_reg_122                |   9|   0|    9|          0|
    |bitcount_reg_235                  |   9|   0|    9|          0|
    |grp_bnn_xcel_fu_143_ap_start_reg  |   1|   0|    1|          0|
    |i_0_reg_111                       |   4|   0|    4|          0|
    |i_reg_225                         |   4|   0|    4|          0|
    |tmp_V_2_reg_230                   |  32|   0|   32|          0|
    +----------------------------------+----+----+-----+-----------+
    |Total                             |  78|   0|   78|          0|
    +----------------------------------+----+----+-----+-----------+



================================================================
== Interface
================================================================
* Summary: 
+---------------------+-----+-----+------------+--------------+--------------+
|      RTL Ports      | Dir | Bits|  Protocol  | Source Object|    C Type    |
+---------------------+-----+-----+------------+--------------+--------------+
|ap_clk               |  in |    1| ap_ctrl_hs |      dut     | return value |
|ap_rst               |  in |    1| ap_ctrl_hs |      dut     | return value |
|ap_start             |  in |    1| ap_ctrl_hs |      dut     | return value |
|ap_done              | out |    1| ap_ctrl_hs |      dut     | return value |
|ap_idle              | out |    1| ap_ctrl_hs |      dut     | return value |
|ap_ready             | out |    1| ap_ctrl_hs |      dut     | return value |
|strm_in_V_V_dout     |  in |   32|   ap_fifo  |  strm_in_V_V |    pointer   |
|strm_in_V_V_empty_n  |  in |    1|   ap_fifo  |  strm_in_V_V |    pointer   |
|strm_in_V_V_read     | out |    1|   ap_fifo  |  strm_in_V_V |    pointer   |
|strm_out_V_V_din     | out |   32|   ap_fifo  | strm_out_V_V |    pointer   |
|strm_out_V_V_full_n  |  in |    1|   ap_fifo  | strm_out_V_V |    pointer   |
|strm_out_V_V_write   | out |    1|   ap_fifo  | strm_out_V_V |    pointer   |
+---------------------+-----+-----+------------+--------------+--------------+

