==============================================================
Vivado(TM) HLS - High-Level Synthesis from C, C++ and SystemC v2019.2 (64-bit)
Copyright 1986-2019 Xilinx, Inc. All Rights Reserved.
==============================================================
INFO: [HLS 200-10] Setting target device to 'xc7z020-clg484-1'
INFO: [SYN 201-201] Setting up clock 'default' with a period of 10ns.
INFO: [SIM 211-2] *************** CSIM start ***************
INFO: [SIM 211-4] CSIM will launch GCC as the compiler.
INFO: [SIM 211-1] CSim done with 0 errors.
INFO: [SIM 211-3] *************** CSIM finish ***************
INFO: [SCHED 204-61] Option 'relax_ii_for_timing' is enabled, will increase II to preserve clock frequency constraints.
INFO: [HLS 200-10] Analyzing design file 'bnn.cpp' ... 
INFO: [HLS 200-111] Finished Linking Time (s): cpu = 00:00:13 ; elapsed = 00:00:15 . Memory (MB): peak = 1168.152 ; gain = 530.125 ; free physical = 19460 ; free virtual = 30283
INFO: [HLS 200-111] Finished Checking Pragmas Time (s): cpu = 00:00:13 ; elapsed = 00:00:15 . Memory (MB): peak = 1168.152 ; gain = 530.125 ; free physical = 19460 ; free virtual = 30283
INFO: [HLS 200-10] Starting code transformations ...
INFO: [HLS 200-111] Finished Standard Transforms Time (s): cpu = 00:00:15 ; elapsed = 00:00:18 . Memory (MB): peak = 1168.152 ; gain = 530.125 ; free physical = 19406 ; free virtual = 30237
INFO: [HLS 200-10] Checking synthesizability ...
INFO: [XFORM 203-602] Inlining function 'dense<512, 256>' into 'bnn_xcel' (bnn.cpp:79) automatically.
INFO: [XFORM 203-602] Inlining function 'sign<256>' into 'bnn_xcel' (bnn.cpp:80) automatically.
INFO: [XFORM 203-602] Inlining function 'dense<256, 10>' into 'bnn_xcel' (bnn.cpp:81) automatically.
INFO: [XFORM 203-602] Inlining function 'argmax' into 'bnn_xcel' (bnn.cpp:82) automatically.
WARNING: [SYNCHK 200-23] bnn.cpp:29: variable-indexed range selection may cause suboptimal QoR.
INFO: [SYNCHK 200-10] 0 error(s), 1 warning(s).
INFO: [HLS 200-111] Finished Checking Synthesizability Time (s): cpu = 00:00:17 ; elapsed = 00:00:19 . Memory (MB): peak = 1168.152 ; gain = 530.125 ; free physical = 19396 ; free virtual = 30228
INFO: [XFORM 203-502] Unrolling small iteration loop 'Loop-1.1.1.1.1.1' (./layer.h:67) in function 'conv<1, 16, 18>' automatically.
INFO: [XFORM 203-502] Unrolling small iteration loop 'Loop-1' (./layer.h:22) in function 'pad<1, 16>' automatically.
INFO: [XFORM 203-502] Unrolling small iteration loop 'Loop-1' (./layer.h:38) in function 'initialize_padded_memory<1, 18, 1>' automatically.
INFO: [HLS 200-489] Unrolling loop 'Loop-1.1.1.1.1.1' (./layer.h:67) in function 'conv<1, 16, 18>' completely with a factor of 1.
INFO: [HLS 200-489] Unrolling loop 'Loop-1' (./layer.h:22) in function 'pad<1, 16>' completely with a factor of 1.
INFO: [HLS 200-489] Unrolling loop 'Loop-1' (./layer.h:38) in function 'initialize_padded_memory<1, 18, 1>' completely with a factor of 1.
INFO: [XFORM 203-102] Partitioning array 'input_padded' (bnn.cpp:47) in dimension 1 automatically.
INFO: [XFORM 203-102] Partitioning array 'input' (bnn.cpp:20) in dimension 1 automatically.
INFO: [XFORM 203-102] Partitioning array 'w_conv1' in dimension 1 automatically.
INFO: [XFORM 203-602] Inlining function 'initialize_padded_memory<1, 18, 1>' into 'bnn_xcel' (bnn.cpp:48) automatically.
INFO: [XFORM 203-602] Inlining function 'pad<1, 16>' into 'bnn_xcel' (bnn.cpp:65) automatically.
INFO: [XFORM 203-602] Inlining function 'dense<512, 256>' into 'bnn_xcel' (bnn.cpp:79) automatically.
INFO: [XFORM 203-602] Inlining function 'sign<256>' into 'bnn_xcel' (bnn.cpp:80) automatically.
INFO: [XFORM 203-602] Inlining function 'dense<256, 10>' into 'bnn_xcel' (bnn.cpp:81) automatically.
INFO: [XFORM 203-602] Inlining function 'argmax' into 'bnn_xcel' (bnn.cpp:82) automatically.
INFO: [HLS 200-111] Finished Pre-synthesis Time (s): cpu = 00:00:19 ; elapsed = 00:00:22 . Memory (MB): peak = 1168.152 ; gain = 530.125 ; free physical = 19389 ; free virtual = 30222
WARNING: [XFORM 203-631] Renaming function 'initialize_padded_memory<16, 10, 0>' to 'initialize_padded_me' (./layer.h:38:30)
INFO: [HLS 200-472] Inferring partial write operation for 'output' (./layer.h:25:9)
INFO: [HLS 200-472] Inferring partial write operation for 'output' (./layer.h:99:9)
INFO: [HLS 200-472] Inferring partial write operation for 'output' (./layer.h:99:9)
INFO: [HLS 200-472] Inferring partial write operation for 'input' (./layer.h:41:9)
INFO: [HLS 200-472] Inferring partial write operation for 'output' (./layer.h:116:9)
INFO: [HLS 200-472] Inferring partial write operation for 'input[0]' (bnn.cpp:29:60)
INFO: [HLS 200-472] Inferring partial write operation for 'output' (./layer.h:73:27)
INFO: [HLS 200-472] Inferring partial write operation for 'output' (./layer.h:73:27)
INFO: [HLS 200-472] Inferring partial write operation for 'input_padded[0]' (./layer.h:41:9)
INFO: [HLS 200-472] Inferring partial write operation for 'input_padded[0]' (./layer.h:25:9)
INFO: [HLS 200-472] Inferring partial write operation for 'dense1.V' (./layer.h:170:18)
INFO: [HLS 200-472] Inferring partial write operation for 'signed1' (./layer.h:131:18)
INFO: [HLS 200-472] Inferring partial write operation for 'dense2.V' (./layer.h:170:18)
INFO: [HLS 200-111] Finished Architecture Synthesis Time (s): cpu = 00:00:24 ; elapsed = 00:00:26 . Memory (MB): peak = 1168.152 ; gain = 530.125 ; free physical = 19322 ; free virtual = 30157
INFO: [HLS 200-10] Starting hardware synthesis ...
INFO: [HLS 200-10] Synthesizing 'dut' ...
WARNING: [SYN 201-103] Legalizing function name 'conv<1, 16, 18>' to 'conv_1_16_18_s'.
WARNING: [SYN 201-103] Legalizing function name 'max_pool<16, 16>' to 'max_pool_16_16_s'.
WARNING: [SYN 201-103] Legalizing function name 'pad<16, 8>' to 'pad_16_8_s'.
WARNING: [SYN 201-103] Legalizing function name 'conv<16, 32, 10>' to 'conv_16_32_10_s'.
WARNING: [SYN 201-103] Legalizing function name 'max_pool<32, 8>' to 'max_pool_32_8_s'.
INFO: [HLS 200-10] ----------------------------------------------------------------
INFO: [HLS 200-42] -- Implementing module 'initialize_padded_me' 
INFO: [HLS 200-10] ----------------------------------------------------------------
INFO: [SCHED 204-11] Starting scheduling ...
INFO: [SCHED 204-11] Finished scheduling.
INFO: [HLS 200-111]  Elapsed time: 26.52 seconds; current allocated memory: 232.101 MB.
INFO: [BIND 205-100] Starting micro-architecture generation ...
INFO: [BIND 205-101] Performing variable lifetime analysis.
INFO: [BIND 205-101] Exploring resource sharing.
INFO: [BIND 205-101] Binding ...
INFO: [BIND 205-100] Finished micro-architecture generation.
INFO: [HLS 200-111]  Elapsed time: 0.04 seconds; current allocated memory: 232.251 MB.
INFO: [HLS 200-10] ----------------------------------------------------------------
INFO: [HLS 200-42] -- Implementing module 'conv_1_16_18_s' 
INFO: [HLS 200-10] ----------------------------------------------------------------
INFO: [SCHED 204-11] Starting scheduling ...
INFO: [SCHED 204-11] Finished scheduling.
INFO: [HLS 200-111]  Elapsed time: 0.06 seconds; current allocated memory: 232.568 MB.
INFO: [BIND 205-100] Starting micro-architecture generation ...
INFO: [BIND 205-101] Performing variable lifetime analysis.
INFO: [BIND 205-101] Exploring resource sharing.
INFO: [BIND 205-101] Binding ...
INFO: [BIND 205-100] Finished micro-architecture generation.
INFO: [HLS 200-111]  Elapsed time: 0.07 seconds; current allocated memory: 232.877 MB.
INFO: [HLS 200-10] ----------------------------------------------------------------
INFO: [HLS 200-42] -- Implementing module 'max_pool_16_16_s' 
INFO: [HLS 200-10] ----------------------------------------------------------------
INFO: [SCHED 204-11] Starting scheduling ...
INFO: [SCHED 204-11] Finished scheduling.
INFO: [HLS 200-111]  Elapsed time: 0.1 seconds; current allocated memory: 233.059 MB.
INFO: [BIND 205-100] Starting micro-architecture generation ...
INFO: [BIND 205-101] Performing variable lifetime analysis.
INFO: [BIND 205-101] Exploring resource sharing.
INFO: [BIND 205-101] Binding ...
INFO: [BIND 205-100] Finished micro-architecture generation.
INFO: [HLS 200-111]  Elapsed time: 0.05 seconds; current allocated memory: 233.285 MB.
INFO: [HLS 200-10] ----------------------------------------------------------------
INFO: [HLS 200-42] -- Implementing module 'pad_16_8_s' 
INFO: [HLS 200-10] ----------------------------------------------------------------
INFO: [SCHED 204-11] Starting scheduling ...
INFO: [SCHED 204-11] Finished scheduling.
INFO: [HLS 200-111]  Elapsed time: 0.07 seconds; current allocated memory: 233.472 MB.
INFO: [BIND 205-100] Starting micro-architecture generation ...
INFO: [BIND 205-101] Performing variable lifetime analysis.
INFO: [BIND 205-101] Exploring resource sharing.
INFO: [BIND 205-101] Binding ...
INFO: [BIND 205-100] Finished micro-architecture generation.
INFO: [HLS 200-111]  Elapsed time: 0.04 seconds; current allocated memory: 233.643 MB.
INFO: [HLS 200-10] ----------------------------------------------------------------
INFO: [HLS 200-42] -- Implementing module 'conv_16_32_10_s' 
INFO: [HLS 200-10] ----------------------------------------------------------------
INFO: [SCHED 204-11] Starting scheduling ...
INFO: [SCHED 204-11] Finished scheduling.
INFO: [HLS 200-111]  Elapsed time: 0.07 seconds; current allocated memory: 233.937 MB.
INFO: [BIND 205-100] Starting micro-architecture generation ...
INFO: [BIND 205-101] Performing variable lifetime analysis.
INFO: [BIND 205-101] Exploring resource sharing.
INFO: [BIND 205-101] Binding ...
INFO: [BIND 205-100] Finished micro-architecture generation.
INFO: [HLS 200-111]  Elapsed time: 0.08 seconds; current allocated memory: 234.325 MB.
INFO: [HLS 200-10] ----------------------------------------------------------------
INFO: [HLS 200-42] -- Implementing module 'max_pool_32_8_s' 
INFO: [HLS 200-10] ----------------------------------------------------------------
INFO: [SCHED 204-11] Starting scheduling ...
INFO: [SCHED 204-11] Finished scheduling.
INFO: [HLS 200-111]  Elapsed time: 0.11 seconds; current allocated memory: 234.537 MB.
INFO: [BIND 205-100] Starting micro-architecture generation ...
INFO: [BIND 205-101] Performing variable lifetime analysis.
INFO: [BIND 205-101] Exploring resource sharing.
INFO: [BIND 205-101] Binding ...
INFO: [BIND 205-100] Finished micro-architecture generation.
INFO: [HLS 200-111]  Elapsed time: 0.05 seconds; current allocated memory: 234.760 MB.
INFO: [HLS 200-10] ----------------------------------------------------------------
INFO: [HLS 200-42] -- Implementing module 'flatten' 
INFO: [HLS 200-10] ----------------------------------------------------------------
INFO: [SCHED 204-11] Starting scheduling ...
INFO: [SCHED 204-11] Finished scheduling.
INFO: [HLS 200-111]  Elapsed time: 0.08 seconds; current allocated memory: 234.875 MB.
INFO: [BIND 205-100] Starting micro-architecture generation ...
INFO: [BIND 205-101] Performing variable lifetime analysis.
INFO: [BIND 205-101] Exploring resource sharing.
INFO: [BIND 205-101] Binding ...
INFO: [BIND 205-100] Finished micro-architecture generation.
INFO: [HLS 200-111]  Elapsed time: 0.04 seconds; current allocated memory: 235.037 MB.
INFO: [HLS 200-10] ----------------------------------------------------------------
INFO: [HLS 200-42] -- Implementing module 'bnn_xcel' 
INFO: [HLS 200-10] ----------------------------------------------------------------
INFO: [SCHED 204-11] Starting scheduling ...
INFO: [SCHED 204-11] Finished scheduling.
INFO: [HLS 200-111]  Elapsed time: 0.09 seconds; current allocated memory: 235.582 MB.
INFO: [BIND 205-100] Starting micro-architecture generation ...
INFO: [BIND 205-101] Performing variable lifetime analysis.
INFO: [BIND 205-101] Exploring resource sharing.
INFO: [BIND 205-101] Binding ...
INFO: [BIND 205-100] Finished micro-architecture generation.
INFO: [HLS 200-111]  Elapsed time: 0.3 seconds; current allocated memory: 236.383 MB.
INFO: [HLS 200-10] ----------------------------------------------------------------
INFO: [HLS 200-42] -- Implementing module 'dut' 
INFO: [HLS 200-10] ----------------------------------------------------------------
INFO: [SCHED 204-11] Starting scheduling ...
INFO: [SCHED 204-11] Finished scheduling.
INFO: [HLS 200-111]  Elapsed time: 0.26 seconds; current allocated memory: 236.755 MB.
INFO: [BIND 205-100] Starting micro-architecture generation ...
INFO: [BIND 205-101] Performing variable lifetime analysis.
INFO: [BIND 205-101] Exploring resource sharing.
INFO: [BIND 205-101] Binding ...
INFO: [BIND 205-100] Finished micro-architecture generation.
INFO: [HLS 200-111]  Elapsed time: 0.08 seconds; current allocated memory: 236.957 MB.
INFO: [HLS 200-10] ----------------------------------------------------------------
INFO: [HLS 200-10] -- Generating RTL for module 'initialize_padded_me' 
INFO: [HLS 200-10] ----------------------------------------------------------------
INFO: [RTGEN 206-100] Finished creating RTL model for 'initialize_padded_me'.
INFO: [HLS 200-111]  Elapsed time: 0.17 seconds; current allocated memory: 237.350 MB.
INFO: [HLS 200-10] ----------------------------------------------------------------
INFO: [HLS 200-10] -- Generating RTL for module 'conv_1_16_18_s' 
INFO: [HLS 200-10] ----------------------------------------------------------------
INFO: [SYN 201-210] Renamed object name 'conv_1_16_18_s_threshold_conv1_V' to 'conv_1_16_18_s_thbkb' due to the length limit 20
INFO: [SYN 201-210] Renamed object name 'conv_1_16_18_s_w_conv1_0' to 'conv_1_16_18_s_w_cud' due to the length limit 20
INFO: [RTGEN 206-100] Finished creating RTL model for 'conv_1_16_18_s'.
INFO: [HLS 200-111]  Elapsed time: 0.08 seconds; current allocated memory: 238.605 MB.
INFO: [HLS 200-10] ----------------------------------------------------------------
INFO: [HLS 200-10] -- Generating RTL for module 'max_pool_16_16_s' 
INFO: [HLS 200-10] ----------------------------------------------------------------
INFO: [RTGEN 206-100] Finished creating RTL model for 'max_pool_16_16_s'.
INFO: [HLS 200-111]  Elapsed time: 0.15 seconds; current allocated memory: 240.364 MB.
INFO: [HLS 200-10] ----------------------------------------------------------------
INFO: [HLS 200-10] -- Generating RTL for module 'pad_16_8_s' 
INFO: [HLS 200-10] ----------------------------------------------------------------
INFO: [RTGEN 206-100] Finished creating RTL model for 'pad_16_8_s'.
INFO: [HLS 200-111]  Elapsed time: 0.11 seconds; current allocated memory: 241.591 MB.
INFO: [HLS 200-10] ----------------------------------------------------------------
INFO: [HLS 200-10] -- Generating RTL for module 'conv_16_32_10_s' 
INFO: [HLS 200-10] ----------------------------------------------------------------
INFO: [SYN 201-210] Renamed object name 'conv_16_32_10_s_threshold_conv2_V' to 'conv_16_32_10_s_tdEe' due to the length limit 20
INFO: [SYN 201-210] Renamed object name 'conv_16_32_10_s_w_conv2' to 'conv_16_32_10_s_weOg' due to the length limit 20
INFO: [RTGEN 206-100] Finished creating RTL model for 'conv_16_32_10_s'.
INFO: [HLS 200-111]  Elapsed time: 0.11 seconds; current allocated memory: 242.994 MB.
INFO: [HLS 200-10] ----------------------------------------------------------------
INFO: [HLS 200-10] -- Generating RTL for module 'max_pool_32_8_s' 
INFO: [HLS 200-10] ----------------------------------------------------------------
INFO: [RTGEN 206-100] Finished creating RTL model for 'max_pool_32_8_s'.
INFO: [HLS 200-111]  Elapsed time: 0.18 seconds; current allocated memory: 245.043 MB.
INFO: [HLS 200-10] ----------------------------------------------------------------
INFO: [HLS 200-10] -- Generating RTL for module 'flatten' 
INFO: [HLS 200-10] ----------------------------------------------------------------
INFO: [RTGEN 206-100] Finished creating RTL model for 'flatten'.
INFO: [HLS 200-111]  Elapsed time: 0.12 seconds; current allocated memory: 246.279 MB.
INFO: [HLS 200-10] ----------------------------------------------------------------
INFO: [HLS 200-10] -- Generating RTL for module 'bnn_xcel' 
INFO: [HLS 200-10] ----------------------------------------------------------------
INFO: [SYN 201-210] Renamed object name 'bnn_xcel_input_padded_0' to 'bnn_xcel_input_pafYi' due to the length limit 20
INFO: [SYN 201-210] Renamed object name 'bnn_xcel_conv1_pooled' to 'bnn_xcel_conv1_pog8j' due to the length limit 20
INFO: [SYN 201-210] Renamed object name 'bnn_xcel_conv1_pooled_padded' to 'bnn_xcel_conv1_pohbi' due to the length limit 20
INFO: [SYN 201-210] Renamed object name 'bnn_xcel_conv2_pooled' to 'bnn_xcel_conv2_poibs' due to the length limit 20
